<?xml version="1.0" encoding="UTF-8"?>
<coverage generated="1510335349637" clover="3.2.0">
  <project timestamp="1510335349637" name="All files">
    <metrics statements="15" coveredstatements="6" conditionals="0" coveredconditionals="0" methods="11" coveredmethods="4" elements="26" coveredelements="10" complexity="0" loc="15" ncloc="15" packages="1" files="1" classes="1">
      <file name="api.js" path="/Users/jonas/Development/3nit/3nit-utils/src/api.js">
        <metrics statements="15" coveredstatements="6" conditionals="0" coveredconditionals="0" methods="11" coveredmethods="4"/>
        <line num="2" count="1" type="stmt"/>
        <line num="4" count="1" type="stmt"/>
        <line num="6" count="1" type="stmt"/>
        <line num="7" count="1" type="stmt"/>
        <line num="8" count="1" type="stmt"/>
        <line num="10" count="1" type="stmt"/>
        <line num="13" count="0" type="stmt"/>
        <line num="17" count="0" type="stmt"/>
        <line num="21" count="0" type="stmt"/>
        <line num="25" count="0" type="stmt"/>
        <line num="29" count="0" type="stmt"/>
        <line num="30" count="0" type="stmt"/>
        <line num="31" count="0" type="stmt"/>
        <line num="36" count="0" type="stmt"/>
        <line num="39" count="0" type="stmt"/>
      </file>
    </metrics>
  </project>
</coverage>
