{"/Users/jonas/Development/3nit/3nit-utils/src/api.js": {"path":"/Users/jonas/Development/3nit/3nit-utils/src/api.js","statementMap":{"0":{"start":{"line":2,"column":13},"end":{"line":2,"column":25}},"1":{"start":{"line":4,"column":13},"end":{"line":4,"column":25}},"2":{"start":{"line":4,"column":19},"end":{"line":4,"column":25}},"3":{"start":{"line":6,"column":12},"end":{"line":6,"column":78}},"4":{"start":{"line":6,"column":32},"end":{"line":6,"column":77}},"5":{"start":{"line":7,"column":12},"end":{"line":7,"column":78}},"6":{"start":{"line":7,"column":32},"end":{"line":7,"column":77}},"7":{"start":{"line":8,"column":13},"end":{"line":8,"column":80}},"8":{"start":{"line":8,"column":33},"end":{"line":8,"column":79}},"9":{"start":{"line":10,"column":13},"end":{"line":42,"column":1}},"10":{"start":{"line":10,"column":32},"end":{"line":42,"column":1}},"11":{"start":{"line":13,"column":6},"end":{"line":13,"column":98}},"12":{"start":{"line":17,"column":6},"end":{"line":17,"column":57}},"13":{"start":{"line":21,"column":6},"end":{"line":21,"column":57}},"14":{"start":{"line":25,"column":6},"end":{"line":25,"column":54}},"15":{"start":{"line":29,"column":6},"end":{"line":29,"column":28}},"16":{"start":{"line":30,"column":21},"end":{"line":30,"column":56}},"17":{"start":{"line":31,"column":6},"end":{"line":31,"column":19}},"18":{"start":{"line":36,"column":6},"end":{"line":38,"column":14}},"19":{"start":{"line":39,"column":6},"end":{"line":39,"column":30}}},"fnMap":{"0":{"name":"(anonymous_0)","decl":{"start":{"line":4,"column":13},"end":{"line":4,"column":14}},"loc":{"start":{"line":4,"column":19},"end":{"line":4,"column":25}},"line":4},"1":{"name":"(anonymous_1)","decl":{"start":{"line":6,"column":12},"end":{"line":6,"column":13}},"loc":{"start":{"line":6,"column":32},"end":{"line":6,"column":77}},"line":6},"2":{"name":"(anonymous_2)","decl":{"start":{"line":7,"column":12},"end":{"line":7,"column":13}},"loc":{"start":{"line":7,"column":32},"end":{"line":7,"column":77}},"line":7},"3":{"name":"(anonymous_3)","decl":{"start":{"line":8,"column":13},"end":{"line":8,"column":14}},"loc":{"start":{"line":8,"column":33},"end":{"line":8,"column":79}},"line":8},"4":{"name":"(anonymous_4)","decl":{"start":{"line":10,"column":13},"end":{"line":10,"column":14}},"loc":{"start":{"line":10,"column":32},"end":{"line":42,"column":1}},"line":10},"5":{"name":"(anonymous_5)","decl":{"start":{"line":12,"column":27},"end":{"line":12,"column":28}},"loc":{"start":{"line":13,"column":6},"end":{"line":13,"column":98}},"line":13},"6":{"name":"(anonymous_6)","decl":{"start":{"line":16,"column":39},"end":{"line":16,"column":40}},"loc":{"start":{"line":17,"column":6},"end":{"line":17,"column":57}},"line":17},"7":{"name":"(anonymous_7)","decl":{"start":{"line":20,"column":32},"end":{"line":20,"column":33}},"loc":{"start":{"line":21,"column":6},"end":{"line":21,"column":57}},"line":21},"8":{"name":"(anonymous_8)","decl":{"start":{"line":24,"column":32},"end":{"line":24,"column":33}},"loc":{"start":{"line":25,"column":6},"end":{"line":25,"column":54}},"line":25},"9":{"name":"(anonymous_9)","decl":{"start":{"line":28,"column":28},"end":{"line":28,"column":29}},"loc":{"start":{"line":28,"column":50},"end":{"line":32,"column":5}},"line":28},"10":{"name":"(anonymous_10)","decl":{"start":{"line":35,"column":32},"end":{"line":35,"column":33}},"loc":{"start":{"line":35,"column":54},"end":{"line":40,"column":5}},"line":35}},"branchMap":{},"s":{"0":1,"1":1,"2":1,"3":1,"4":1,"5":1,"6":1,"7":1,"8":1,"9":1,"10":0,"11":0,"12":0,"13":0,"14":0,"15":0,"16":0,"17":0,"18":0,"19":0},"f":{"0":1,"1":1,"2":1,"3":1,"4":0,"5":0,"6":0,"7":0,"8":0,"9":0,"10":0},"b":{},"_coverageSchema":"332fd63041d2c1bcb487cc26dd0d5f7d97098a6c","hash":"723421ef4a694084204e671ea03b1496a9b198c7"}
}
